<?xml version="1.0" encoding="UTF-8"?>
<coverage generated="1763919114408" clover="3.2.0">
  <project timestamp="1763919114408" name="All files">
    <metrics statements="87" coveredstatements="87" conditionals="41" coveredconditionals="41" methods="19" coveredmethods="19" elements="147" coveredelements="147" complexity="0" loc="87" ncloc="87" packages="2" files="7" classes="7"/>
    <package name="src">
      <metrics statements="39" coveredstatements="39" conditionals="19" coveredconditionals="19" methods="9" coveredmethods="9"/>
      <file name="buildAdress.js" path="/mnt/c/Users/justj/hexlet/frontend-project-46/src/buildAdress.js">
        <metrics statements="4" coveredstatements="4" conditionals="0" coveredconditionals="0" methods="2" coveredmethods="2"/>
        <line num="5" count="1" type="stmt"/>
        <line num="6" count="1" type="stmt"/>
        <line num="8" count="46" type="stmt"/>
        <line num="9" count="5" type="stmt"/>
      </file>
      <file name="genDiffCal.js" path="/mnt/c/Users/justj/hexlet/frontend-project-46/src/genDiffCal.js">
        <metrics statements="21" coveredstatements="21" conditionals="13" coveredconditionals="13" methods="4" coveredmethods="4"/>
        <line num="5" count="1" type="cond" truecount="1" falsecount="0"/>
        <line num="6" count="21" type="stmt"/>
        <line num="7" count="21" type="stmt"/>
        <line num="8" count="20" type="stmt"/>
        <line num="9" count="20" type="stmt"/>
        <line num="10" count="20" type="stmt"/>
        <line num="13" count="2" type="stmt"/>
        <line num="17" count="1" type="stmt"/>
        <line num="18" count="277" type="stmt"/>
        <line num="19" count="56" type="stmt"/>
        <line num="20" count="217" type="stmt"/>
        <line num="21" count="217" type="stmt"/>
        <line num="22" count="217" type="cond" truecount="4" falsecount="0"/>
        <line num="23" count="121" type="cond" truecount="4" falsecount="0"/>
        <line num="24" count="36" type="stmt"/>
        <line num="26" count="85" type="cond" truecount="2" falsecount="0"/>
        <line num="27" count="38" type="stmt"/>
        <line num="30" count="47" type="stmt"/>
        <line num="33" count="96" type="cond" truecount="2" falsecount="0"/>
        <line num="34" count="40" type="stmt"/>
        <line num="37" count="56" type="stmt"/>
      </file>
      <file name="parsers.js" path="/mnt/c/Users/justj/hexlet/frontend-project-46/src/parsers.js">
        <metrics statements="14" coveredstatements="14" conditionals="6" coveredconditionals="6" methods="3" coveredmethods="3"/>
        <line num="7" count="1" type="stmt"/>
        <line num="8" count="16" type="stmt"/>
        <line num="9" count="16" type="stmt"/>
        <line num="12" count="1" type="stmt"/>
        <line num="13" count="24" type="stmt"/>
        <line num="14" count="24" type="stmt"/>
        <line num="17" count="1" type="stmt"/>
        <line num="18" count="41" type="stmt"/>
        <line num="19" count="41" type="stmt"/>
        <line num="20" count="41" type="cond" truecount="2" falsecount="0"/>
        <line num="21" count="16" type="stmt"/>
        <line num="23" count="25" type="cond" truecount="4" falsecount="0"/>
        <line num="24" count="24" type="stmt"/>
        <line num="26" count="1" type="stmt"/>
      </file>
    </package>
    <package name="src.formatters">
      <metrics statements="48" coveredstatements="48" conditionals="22" coveredconditionals="22" methods="10" coveredmethods="10"/>
      <file name="index.js" path="/mnt/c/Users/justj/hexlet/frontend-project-46/src/formatters/index.js">
        <metrics statements="6" coveredstatements="6" conditionals="4" coveredconditionals="4" methods="1" coveredmethods="1"/>
        <line num="5" count="1" type="stmt"/>
        <line num="6" count="20" type="cond" truecount="4" falsecount="0"/>
        <line num="8" count="13" type="stmt"/>
        <line num="10" count="3" type="stmt"/>
        <line num="12" count="3" type="stmt"/>
        <line num="14" count="1" type="stmt"/>
      </file>
      <file name="json.js" path="/mnt/c/Users/justj/hexlet/frontend-project-46/src/formatters/json.js">
        <metrics statements="2" coveredstatements="2" conditionals="0" coveredconditionals="0" methods="1" coveredmethods="1"/>
        <line num="1" count="1" type="stmt"/>
        <line num="2" count="3" type="stmt"/>
      </file>
      <file name="plain.js" path="/mnt/c/Users/justj/hexlet/frontend-project-46/src/formatters/plain.js">
        <metrics statements="20" coveredstatements="20" conditionals="10" coveredconditionals="10" methods="5" coveredmethods="5"/>
        <line num="3" count="1" type="stmt"/>
        <line num="4" count="39" type="cond" truecount="2" falsecount="0"/>
        <line num="5" count="9" type="stmt"/>
        <line num="7" count="30" type="cond" truecount="2" falsecount="0"/>
        <line num="8" count="21" type="stmt"/>
        <line num="10" count="9" type="stmt"/>
        <line num="13" count="1" type="stmt"/>
        <line num="14" count="3" type="stmt"/>
        <line num="15" count="15" type="stmt"/>
        <line num="16" count="54" type="stmt"/>
        <line num="18" count="45" type="cond" truecount="2" falsecount="0"/>
        <line num="19" count="45" type="cond" truecount="4" falsecount="0"/>
        <line num="21" count="12" type="stmt"/>
        <line num="23" count="6" type="stmt"/>
        <line num="25" count="15" type="stmt"/>
        <line num="28" count="12" type="stmt"/>
        <line num="29" count="12" type="stmt"/>
        <line num="30" count="12" type="stmt"/>
        <line num="34" count="15" type="stmt"/>
        <line num="36" count="3" type="stmt"/>
      </file>
      <file name="stylish.js" path="/mnt/c/Users/justj/hexlet/frontend-project-46/src/formatters/stylish.js">
        <metrics statements="20" coveredstatements="20" conditionals="8" coveredconditionals="8" methods="3" coveredmethods="3"/>
        <line num="3" count="1" type="stmt"/>
        <line num="4" count="13" type="stmt"/>
        <line num="5" count="166" type="cond" truecount="2" falsecount="0"/>
        <line num="6" count="120" type="stmt"/>
        <line num="9" count="46" type="stmt"/>
        <line num="10" count="46" type="stmt"/>
        <line num="11" count="46" type="stmt"/>
        <line num="12" count="46" type="stmt"/>
        <line num="13" count="46" type="stmt"/>
        <line num="14" count="131" type="cond" truecount="6" falsecount="0"/>
        <line num="16" count="12" type="stmt"/>
        <line num="18" count="26" type="stmt"/>
        <line num="20" count="25" type="stmt"/>
        <line num="23" count="22" type="stmt"/>
        <line num="24" count="22" type="stmt"/>
        <line num="25" count="22" type="stmt"/>
        <line num="28" count="19" type="stmt"/>
        <line num="30" count="27" type="stmt"/>
        <line num="34" count="46" type="stmt"/>
        <line num="40" count="13" type="stmt"/>
      </file>
    </package>
  </project>
</coverage>
