<?xml version="1.0" encoding="UTF-8"?>
<coverage generated="1762337735994" clover="3.2.0">
  <project timestamp="1762337735994" name="All files">
    <metrics statements="25" coveredstatements="25" conditionals="10" coveredconditionals="9" methods="6" coveredmethods="6" elements="41" coveredelements="40" complexity="0" loc="25" ncloc="25" packages="1" files="2" classes="2"/>
    <file name="buildAdress.js" path="/mnt/c/Users/justj/hexlet/frontend-project-46/src/buildAdress.js">
      <metrics statements="4" coveredstatements="4" conditionals="0" coveredconditionals="0" methods="2" coveredmethods="2"/>
      <line num="5" count="1" type="stmt"/>
      <line num="6" count="1" type="stmt"/>
      <line num="8" count="3" type="stmt"/>
      <line num="9" count="1" type="stmt"/>
    </file>
    <file name="genDiffCal.js" path="/mnt/c/Users/justj/hexlet/frontend-project-46/src/genDiffCal.js">
      <metrics statements="21" coveredstatements="21" conditionals="10" coveredconditionals="9" methods="4" coveredmethods="4"/>
      <line num="6" count="1" type="stmt"/>
      <line num="7" count="2" type="stmt"/>
      <line num="8" count="2" type="stmt"/>
      <line num="10" count="1" type="stmt"/>
      <line num="11" count="1" type="stmt"/>
      <line num="12" count="1" type="stmt"/>
      <line num="13" count="1" type="stmt"/>
      <line num="16" count="1" type="stmt"/>
      <line num="17" count="8" type="stmt"/>
      <line num="18" count="2" type="stmt"/>
      <line num="19" count="2" type="stmt"/>
      <line num="20" count="5" type="cond" truecount="4" falsecount="0"/>
      <line num="21" count="2" type="cond" truecount="2" falsecount="0"/>
      <line num="22" count="1" type="stmt"/>
      <line num="25" count="1" type="stmt"/>
      <line num="28" count="3" type="cond" truecount="2" falsecount="0"/>
      <line num="29" count="2" type="stmt"/>
      <line num="31" count="1" type="cond" truecount="1" falsecount="1"/>
      <line num="32" count="1" type="stmt"/>
      <line num="35" count="2" type="stmt"/>
      <line num="36" count="2" type="stmt"/>
    </file>
  </project>
</coverage>
