{"/mnt/c/Users/justj/hexlet/frontend-project-46/src/buildAdress.js": {"path":"/mnt/c/Users/justj/hexlet/frontend-project-46/src/buildAdress.js","statementMap":{"0":{"start":{"line":5,"column":17},"end":{"line":5,"column":47}},"1":{"start":{"line":6,"column":16},"end":{"line":6,"column":38}},"2":{"start":{"line":8,"column":23},"end":{"line":8,"column":77}},"3":{"start":{"line":8,"column":31},"end":{"line":8,"column":77}},"4":{"start":{"line":9,"column":17},"end":{"line":9,"column":71}},"5":{"start":{"line":9,"column":25},"end":{"line":9,"column":71}}},"fnMap":{"0":{"name":"(anonymous_0)","decl":{"start":{"line":8,"column":23},"end":{"line":8,"column":24}},"loc":{"start":{"line":8,"column":31},"end":{"line":8,"column":77}},"line":8},"1":{"name":"(anonymous_1)","decl":{"start":{"line":9,"column":17},"end":{"line":9,"column":18}},"loc":{"start":{"line":9,"column":25},"end":{"line":9,"column":71}},"line":9}},"branchMap":{},"s":{"0":1,"1":1,"2":1,"3":39,"4":1,"5":4},"f":{"0":39,"1":4},"b":{},"inputSourceMap":null,"_coverageSchema":"1a1c01bbd47fc00a2c39e90264f33305004495a9","hash":"8932980406238b0437da9551d5feaca4fbaeed4f"}
,"/mnt/c/Users/justj/hexlet/frontend-project-46/src/genDiffCal.js": {"path":"/mnt/c/Users/justj/hexlet/frontend-project-46/src/genDiffCal.js","statementMap":{"0":{"start":{"line":5,"column":16},"end":{"line":15,"column":1}},"1":{"start":{"line":6,"column":2},"end":{"line":14,"column":3}},"2":{"start":{"line":7,"column":18},"end":{"line":7,"column":38}},"3":{"start":{"line":8,"column":18},"end":{"line":8,"column":38}},"4":{"start":{"line":9,"column":24},"end":{"line":9,"column":45}},"5":{"start":{"line":10,"column":4},"end":{"line":10,"column":41}},"6":{"start":{"line":13,"column":4},"end":{"line":13,"column":24}},"7":{"start":{"line":17,"column":16},"end":{"line":40,"column":1}},"8":{"start":{"line":18,"column":15},"end":{"line":18,"column":110}},"9":{"start":{"line":18,"column":91},"end":{"line":18,"column":109}},"10":{"start":{"line":19,"column":2},"end":{"line":39,"column":8}},"11":{"start":{"line":20,"column":19},"end":{"line":20,"column":29}},"12":{"start":{"line":21,"column":19},"end":{"line":21,"column":29}},"13":{"start":{"line":22,"column":4},"end":{"line":38,"column":5}},"14":{"start":{"line":23,"column":6},"end":{"line":31,"column":7}},"15":{"start":{"line":24,"column":8},"end":{"line":24,"column":89}},"16":{"start":{"line":26,"column":11},"end":{"line":31,"column":7}},"17":{"start":{"line":27,"column":8},"end":{"line":27,"column":72}},"18":{"start":{"line":30,"column":8},"end":{"line":30,"column":87}},"19":{"start":{"line":33,"column":9},"end":{"line":38,"column":5}},"20":{"start":{"line":34,"column":6},"end":{"line":34,"column":68}},"21":{"start":{"line":37,"column":6},"end":{"line":37,"column":66}}},"fnMap":{"0":{"name":"(anonymous_0)","decl":{"start":{"line":5,"column":16},"end":{"line":5,"column":17}},"loc":{"start":{"line":5,"column":62},"end":{"line":15,"column":1}},"line":5},"1":{"name":"(anonymous_1)","decl":{"start":{"line":17,"column":16},"end":{"line":17,"column":17}},"loc":{"start":{"line":17,"column":34},"end":{"line":40,"column":1}},"line":17},"2":{"name":"(anonymous_2)","decl":{"start":{"line":18,"column":81},"end":{"line":18,"column":82}},"loc":{"start":{"line":18,"column":91},"end":{"line":18,"column":109}},"line":18},"3":{"name":"(anonymous_3)","decl":{"start":{"line":19,"column":21},"end":{"line":19,"column":22}},"loc":{"start":{"line":19,"column":35},"end":{"line":39,"column":3}},"line":19}},"branchMap":{"0":{"loc":{"start":{"line":5,"column":39},"end":{"line":5,"column":57}},"type":"default-arg","locations":[{"start":{"line":5,"column":48},"end":{"line":5,"column":57}}],"line":5},"1":{"loc":{"start":{"line":22,"column":4},"end":{"line":38,"column":5}},"type":"if","locations":[{"start":{"line":22,"column":4},"end":{"line":38,"column":5}},{"start":{"line":33,"column":9},"end":{"line":38,"column":5}}],"line":22},"2":{"loc":{"start":{"line":22,"column":8},"end":{"line":22,"column":46}},"type":"binary-expr","locations":[{"start":{"line":22,"column":8},"end":{"line":22,"column":25}},{"start":{"line":22,"column":29},"end":{"line":22,"column":46}}],"line":22},"3":{"loc":{"start":{"line":23,"column":6},"end":{"line":31,"column":7}},"type":"if","locations":[{"start":{"line":23,"column":6},"end":{"line":31,"column":7}},{"start":{"line":26,"column":11},"end":{"line":31,"column":7}}],"line":23},"4":{"loc":{"start":{"line":23,"column":10},"end":{"line":23,"column":50}},"type":"binary-expr","locations":[{"start":{"line":23,"column":10},"end":{"line":23,"column":28}},{"start":{"line":23,"column":32},"end":{"line":23,"column":50}}],"line":23},"5":{"loc":{"start":{"line":26,"column":11},"end":{"line":31,"column":7}},"type":"if","locations":[{"start":{"line":26,"column":11},"end":{"line":31,"column":7}},{"start":{"line":29,"column":11},"end":{"line":31,"column":7}}],"line":26},"6":{"loc":{"start":{"line":33,"column":9},"end":{"line":38,"column":5}},"type":"if","locations":[{"start":{"line":33,"column":9},"end":{"line":38,"column":5}},{"start":{"line":36,"column":9},"end":{"line":38,"column":5}}],"line":33}},"s":{"0":1,"1":18,"2":18,"3":17,"4":17,"5":17,"6":2,"7":1,"8":41,"9":214,"10":41,"11":163,"12":163,"13":163,"14":88,"15":24,"16":64,"17":29,"18":35,"19":75,"20":34,"21":41},"f":{"0":18,"1":41,"2":214,"3":163},"b":{"0":[1],"1":[88,75],"2":[163,122],"3":[24,64],"4":[88,30],"5":[29,35],"6":[34,41]},"inputSourceMap":null,"_coverageSchema":"1a1c01bbd47fc00a2c39e90264f33305004495a9","hash":"6976c73a2a1567df35a7f31adda92c788fb4bf50"}
,"/mnt/c/Users/justj/hexlet/frontend-project-46/src/parsers.js": {"path":"/mnt/c/Users/justj/hexlet/frontend-project-46/src/parsers.js","statementMap":{"0":{"start":{"line":7,"column":16},"end":{"line":10,"column":1}},"1":{"start":{"line":8,"column":15},"end":{"line":8,"column":87}},"2":{"start":{"line":9,"column":2},"end":{"line":9,"column":13}},"3":{"start":{"line":12,"column":17},"end":{"line":15,"column":1}},"4":{"start":{"line":13,"column":15},"end":{"line":13,"column":86}},"5":{"start":{"line":14,"column":2},"end":{"line":14,"column":13}},"6":{"start":{"line":17,"column":18},"end":{"line":27,"column":1}},"7":{"start":{"line":18,"column":21},"end":{"line":18,"column":41}},"8":{"start":{"line":19,"column":17},"end":{"line":19,"column":41}},"9":{"start":{"line":20,"column":2},"end":{"line":26,"column":38}},"10":{"start":{"line":21,"column":4},"end":{"line":21,"column":30}},"11":{"start":{"line":23,"column":7},"end":{"line":26,"column":38}},"12":{"start":{"line":24,"column":4},"end":{"line":24,"column":31}},"13":{"start":{"line":26,"column":7},"end":{"line":26,"column":38}}},"fnMap":{"0":{"name":"(anonymous_0)","decl":{"start":{"line":7,"column":16},"end":{"line":7,"column":17}},"loc":{"start":{"line":7,"column":30},"end":{"line":10,"column":1}},"line":7},"1":{"name":"(anonymous_1)","decl":{"start":{"line":12,"column":17},"end":{"line":12,"column":18}},"loc":{"start":{"line":12,"column":31},"end":{"line":15,"column":1}},"line":12},"2":{"name":"(anonymous_2)","decl":{"start":{"line":17,"column":18},"end":{"line":17,"column":19}},"loc":{"start":{"line":17,"column":28},"end":{"line":27,"column":1}},"line":17}},"branchMap":{"0":{"loc":{"start":{"line":20,"column":2},"end":{"line":26,"column":38}},"type":"if","locations":[{"start":{"line":20,"column":2},"end":{"line":26,"column":38}},{"start":{"line":23,"column":7},"end":{"line":26,"column":38}}],"line":20},"1":{"loc":{"start":{"line":23,"column":7},"end":{"line":26,"column":38}},"type":"if","locations":[{"start":{"line":23,"column":7},"end":{"line":26,"column":38}},{"start":{"line":26,"column":7},"end":{"line":26,"column":38}}],"line":23},"2":{"loc":{"start":{"line":23,"column":11},"end":{"line":23,"column":50}},"type":"binary-expr","locations":[{"start":{"line":23,"column":11},"end":{"line":23,"column":28}},{"start":{"line":23,"column":32},"end":{"line":23,"column":50}}],"line":23}},"s":{"0":1,"1":14,"2":14,"3":1,"4":20,"5":20,"6":1,"7":35,"8":35,"9":35,"10":14,"11":21,"12":20,"13":1},"f":{"0":14,"1":20,"2":35},"b":{"0":[14,21],"1":[20,1],"2":[21,11]},"inputSourceMap":null,"_coverageSchema":"1a1c01bbd47fc00a2c39e90264f33305004495a9","hash":"2e59bbbb7a4c44afa73a9109eabef5a0d9a569a3"}
,"/mnt/c/Users/justj/hexlet/frontend-project-46/src/formatters/index.js": {"path":"/mnt/c/Users/justj/hexlet/frontend-project-46/src/formatters/index.js","statementMap":{"0":{"start":{"line":4,"column":18},"end":{"line":14,"column":1}},"1":{"start":{"line":5,"column":4},"end":{"line":7,"column":5}},"2":{"start":{"line":6,"column":6},"end":{"line":6,"column":33}},"3":{"start":{"line":8,"column":4},"end":{"line":13,"column":5}},"4":{"start":{"line":9,"column":6},"end":{"line":9,"column":31}},"5":{"start":{"line":12,"column":6},"end":{"line":12,"column":50}}},"fnMap":{"0":{"name":"(anonymous_0)","decl":{"start":{"line":4,"column":18},"end":{"line":4,"column":19}},"loc":{"start":{"line":4,"column":43},"end":{"line":14,"column":1}},"line":4}},"branchMap":{"0":{"loc":{"start":{"line":5,"column":4},"end":{"line":7,"column":5}},"type":"if","locations":[{"start":{"line":5,"column":4},"end":{"line":7,"column":5}},{"start":{},"end":{}}],"line":5},"1":{"loc":{"start":{"line":8,"column":4},"end":{"line":13,"column":5}},"type":"if","locations":[{"start":{"line":8,"column":4},"end":{"line":13,"column":5}},{"start":{"line":11,"column":9},"end":{"line":13,"column":5}}],"line":8}},"s":{"0":1,"1":17,"2":13,"3":4,"4":3,"5":1},"f":{"0":17},"b":{"0":[13,4],"1":[3,1]},"inputSourceMap":null,"_coverageSchema":"1a1c01bbd47fc00a2c39e90264f33305004495a9","hash":"9f85222baaf410598ed58ed0ca0b677e4086f648"}
,"/mnt/c/Users/justj/hexlet/frontend-project-46/src/formatters/plain.js": {"path":"/mnt/c/Users/justj/hexlet/frontend-project-46/src/formatters/plain.js","statementMap":{"0":{"start":{"line":3,"column":20},"end":{"line":11,"column":1}},"1":{"start":{"line":4,"column":2},"end":{"line":6,"column":3}},"2":{"start":{"line":5,"column":4},"end":{"line":5,"column":28}},"3":{"start":{"line":7,"column":2},"end":{"line":9,"column":3}},"4":{"start":{"line":8,"column":4},"end":{"line":8,"column":23}},"5":{"start":{"line":10,"column":2},"end":{"line":10,"column":22}},"6":{"start":{"line":13,"column":14},"end":{"line":40,"column":1}},"7":{"start":{"line":14,"column":15},"end":{"line":37,"column":3}},"8":{"start":{"line":15,"column":18},"end":{"line":34,"column":8}},"9":{"start":{"line":16,"column":27},"end":{"line":16,"column":53}},"10":{"start":{"line":18,"column":28},"end":{"line":18,"column":69}},"11":{"start":{"line":19,"column":8},"end":{"line":33,"column":9}},"12":{"start":{"line":21,"column":12},"end":{"line":21,"column":50}},"13":{"start":{"line":23,"column":12},"end":{"line":23,"column":58}},"14":{"start":{"line":25,"column":12},"end":{"line":25,"column":94}},"15":{"start":{"line":28,"column":39},"end":{"line":28,"column":63}},"16":{"start":{"line":29,"column":37},"end":{"line":29,"column":59}},"17":{"start":{"line":30,"column":14},"end":{"line":30,"column":107}},"18":{"start":{"line":36,"column":4},"end":{"line":36,"column":27}},"19":{"start":{"line":39,"column":2},"end":{"line":39,"column":23}}},"fnMap":{"0":{"name":"(anonymous_0)","decl":{"start":{"line":3,"column":20},"end":{"line":3,"column":21}},"loc":{"start":{"line":3,"column":31},"end":{"line":11,"column":1}},"line":3},"1":{"name":"(anonymous_1)","decl":{"start":{"line":13,"column":14},"end":{"line":13,"column":15}},"loc":{"start":{"line":13,"column":24},"end":{"line":40,"column":1}},"line":13},"2":{"name":"(anonymous_2)","decl":{"start":{"line":14,"column":15},"end":{"line":14,"column":16}},"loc":{"start":{"line":14,"column":45},"end":{"line":37,"column":3}},"line":14},"3":{"name":"(anonymous_3)","decl":{"start":{"line":16,"column":14},"end":{"line":16,"column":15}},"loc":{"start":{"line":16,"column":27},"end":{"line":16,"column":53}},"line":16},"4":{"name":"(anonymous_4)","decl":{"start":{"line":17,"column":11},"end":{"line":17,"column":12}},"loc":{"start":{"line":17,"column":27},"end":{"line":34,"column":7}},"line":17}},"branchMap":{"0":{"loc":{"start":{"line":4,"column":2},"end":{"line":6,"column":3}},"type":"if","locations":[{"start":{"line":4,"column":2},"end":{"line":6,"column":3}},{"start":{},"end":{}}],"line":4},"1":{"loc":{"start":{"line":7,"column":2},"end":{"line":9,"column":3}},"type":"if","locations":[{"start":{"line":7,"column":2},"end":{"line":9,"column":3}},{"start":{},"end":{}}],"line":7},"2":{"loc":{"start":{"line":18,"column":28},"end":{"line":18,"column":69}},"type":"cond-expr","locations":[{"start":{"line":18,"column":41},"end":{"line":18,"column":63}},{"start":{"line":18,"column":66},"end":{"line":18,"column":69}}],"line":18},"3":{"loc":{"start":{"line":19,"column":8},"end":{"line":33,"column":9}},"type":"switch","locations":[{"start":{"line":20,"column":10},"end":{"line":21,"column":50}},{"start":{"line":22,"column":10},"end":{"line":23,"column":58}},{"start":{"line":24,"column":10},"end":{"line":25,"column":94}},{"start":{"line":26,"column":10},"end":{"line":32,"column":11}}],"line":19}},"s":{"0":1,"1":39,"2":9,"3":30,"4":21,"5":9,"6":1,"7":3,"8":15,"9":54,"10":45,"11":45,"12":12,"13":6,"14":15,"15":12,"16":12,"17":12,"18":15,"19":3},"f":{"0":39,"1":3,"2":15,"3":54,"4":45},"b":{"0":[9,30],"1":[21,9],"2":[33,12],"3":[12,6,15,12]},"inputSourceMap":null,"_coverageSchema":"1a1c01bbd47fc00a2c39e90264f33305004495a9","hash":"a5c3ebf483ad7fb4c1297cabe974f705535650e2"}
,"/mnt/c/Users/justj/hexlet/frontend-project-46/src/formatters/stylish.js": {"path":"/mnt/c/Users/justj/hexlet/frontend-project-46/src/formatters/stylish.js","statementMap":{"0":{"start":{"line":3,"column":16},"end":{"line":41,"column":1}},"1":{"start":{"line":4,"column":15},"end":{"line":39,"column":3}},"2":{"start":{"line":5,"column":4},"end":{"line":7,"column":5}},"3":{"start":{"line":6,"column":6},"end":{"line":6,"column":30}},"4":{"start":{"line":9,"column":23},"end":{"line":9,"column":36}},"5":{"start":{"line":10,"column":26},"end":{"line":10,"column":48}},"6":{"start":{"line":11,"column":26},"end":{"line":11,"column":52}},"7":{"start":{"line":12,"column":18},"end":{"line":12,"column":46}},"8":{"start":{"line":13,"column":21},"end":{"line":32,"column":6}},"9":{"start":{"line":14,"column":6},"end":{"line":31,"column":7}},"10":{"start":{"line":16,"column":10},"end":{"line":16,"column":77}},"11":{"start":{"line":18,"column":10},"end":{"line":18,"column":74}},"12":{"start":{"line":20,"column":10},"end":{"line":20,"column":74}},"13":{"start":{"line":23,"column":26},"end":{"line":23,"column":85}},"14":{"start":{"line":24,"column":26},"end":{"line":24,"column":83}},"15":{"start":{"line":25,"column":10},"end":{"line":25,"column":41}},"16":{"start":{"line":28,"column":10},"end":{"line":28,"column":74}},"17":{"start":{"line":30,"column":10},"end":{"line":30,"column":68}},"18":{"start":{"line":34,"column":4},"end":{"line":38,"column":16}},"19":{"start":{"line":40,"column":2},"end":{"line":40,"column":23}}},"fnMap":{"0":{"name":"(anonymous_0)","decl":{"start":{"line":3,"column":16},"end":{"line":3,"column":17}},"loc":{"start":{"line":3,"column":27},"end":{"line":41,"column":1}},"line":3},"1":{"name":"(anonymous_1)","decl":{"start":{"line":4,"column":15},"end":{"line":4,"column":16}},"loc":{"start":{"line":4,"column":40},"end":{"line":39,"column":3}},"line":4},"2":{"name":"(anonymous_2)","decl":{"start":{"line":13,"column":31},"end":{"line":13,"column":32}},"loc":{"start":{"line":13,"column":47},"end":{"line":32,"column":5}},"line":13}},"branchMap":{"0":{"loc":{"start":{"line":5,"column":4},"end":{"line":7,"column":5}},"type":"if","locations":[{"start":{"line":5,"column":4},"end":{"line":7,"column":5}},{"start":{},"end":{}}],"line":5},"1":{"loc":{"start":{"line":14,"column":6},"end":{"line":31,"column":7}},"type":"switch","locations":[{"start":{"line":15,"column":8},"end":{"line":16,"column":77}},{"start":{"line":17,"column":8},"end":{"line":18,"column":74}},{"start":{"line":19,"column":8},"end":{"line":20,"column":74}},{"start":{"line":21,"column":8},"end":{"line":26,"column":9}},{"start":{"line":27,"column":8},"end":{"line":28,"column":74}},{"start":{"line":29,"column":8},"end":{"line":30,"column":68}}],"line":14}},"s":{"0":1,"1":13,"2":166,"3":120,"4":46,"5":46,"6":46,"7":46,"8":46,"9":131,"10":12,"11":26,"12":25,"13":22,"14":22,"15":22,"16":19,"17":27,"18":46,"19":13},"f":{"0":13,"1":166,"2":131},"b":{"0":[120,46],"1":[12,26,25,22,19,27]},"inputSourceMap":null,"_coverageSchema":"1a1c01bbd47fc00a2c39e90264f33305004495a9","hash":"f96ac99494038558e531576d94aaf70deace8ddd"}
}
