{"/mnt/c/Users/justj/hexlet/frontend-project-46/src/buildAdress.js": {"path":"/mnt/c/Users/justj/hexlet/frontend-project-46/src/buildAdress.js","statementMap":{"0":{"start":{"line":5,"column":17},"end":{"line":5,"column":47}},"1":{"start":{"line":6,"column":16},"end":{"line":6,"column":38}},"2":{"start":{"line":8,"column":23},"end":{"line":8,"column":77}},"3":{"start":{"line":8,"column":31},"end":{"line":8,"column":77}},"4":{"start":{"line":9,"column":17},"end":{"line":9,"column":71}},"5":{"start":{"line":9,"column":25},"end":{"line":9,"column":71}}},"fnMap":{"0":{"name":"(anonymous_0)","decl":{"start":{"line":8,"column":23},"end":{"line":8,"column":24}},"loc":{"start":{"line":8,"column":31},"end":{"line":8,"column":77}},"line":8},"1":{"name":"(anonymous_1)","decl":{"start":{"line":9,"column":17},"end":{"line":9,"column":18}},"loc":{"start":{"line":9,"column":25},"end":{"line":9,"column":71}},"line":9}},"branchMap":{},"s":{"0":1,"1":1,"2":1,"3":75,"4":1,"5":24},"f":{"0":75,"1":24},"b":{},"inputSourceMap":null,"_coverageSchema":"1a1c01bbd47fc00a2c39e90264f33305004495a9","hash":"8932980406238b0437da9551d5feaca4fbaeed4f"}
,"/mnt/c/Users/justj/hexlet/frontend-project-46/src/genDiffCal.js": {"path":"/mnt/c/Users/justj/hexlet/frontend-project-46/src/genDiffCal.js","statementMap":{"0":{"start":{"line":5,"column":16},"end":{"line":20,"column":1}},"1":{"start":{"line":6,"column":2},"end":{"line":19,"column":3}},"2":{"start":{"line":7,"column":18},"end":{"line":7,"column":38}},"3":{"start":{"line":8,"column":18},"end":{"line":8,"column":38}},"4":{"start":{"line":9,"column":24},"end":{"line":9,"column":45}},"5":{"start":{"line":10,"column":4},"end":{"line":15,"column":5}},"6":{"start":{"line":12,"column":8},"end":{"line":12,"column":35}},"7":{"start":{"line":14,"column":8},"end":{"line":14,"column":52}},"8":{"start":{"line":18,"column":4},"end":{"line":18,"column":24}},"9":{"start":{"line":22,"column":16},"end":{"line":45,"column":1}},"10":{"start":{"line":23,"column":15},"end":{"line":23,"column":110}},"11":{"start":{"line":23,"column":91},"end":{"line":23,"column":109}},"12":{"start":{"line":24,"column":2},"end":{"line":44,"column":8}},"13":{"start":{"line":25,"column":19},"end":{"line":25,"column":29}},"14":{"start":{"line":26,"column":19},"end":{"line":26,"column":29}},"15":{"start":{"line":27,"column":4},"end":{"line":43,"column":5}},"16":{"start":{"line":28,"column":6},"end":{"line":36,"column":7}},"17":{"start":{"line":29,"column":8},"end":{"line":29,"column":89}},"18":{"start":{"line":31,"column":11},"end":{"line":36,"column":7}},"19":{"start":{"line":32,"column":8},"end":{"line":32,"column":72}},"20":{"start":{"line":35,"column":8},"end":{"line":35,"column":87}},"21":{"start":{"line":38,"column":9},"end":{"line":43,"column":5}},"22":{"start":{"line":39,"column":6},"end":{"line":39,"column":68}},"23":{"start":{"line":42,"column":6},"end":{"line":42,"column":66}}},"fnMap":{"0":{"name":"(anonymous_0)","decl":{"start":{"line":5,"column":16},"end":{"line":5,"column":17}},"loc":{"start":{"line":5,"column":50},"end":{"line":20,"column":1}},"line":5},"1":{"name":"(anonymous_1)","decl":{"start":{"line":22,"column":16},"end":{"line":22,"column":17}},"loc":{"start":{"line":22,"column":34},"end":{"line":45,"column":1}},"line":22},"2":{"name":"(anonymous_2)","decl":{"start":{"line":23,"column":81},"end":{"line":23,"column":82}},"loc":{"start":{"line":23,"column":91},"end":{"line":23,"column":109}},"line":23},"3":{"name":"(anonymous_3)","decl":{"start":{"line":24,"column":21},"end":{"line":24,"column":22}},"loc":{"start":{"line":24,"column":35},"end":{"line":44,"column":3}},"line":24}},"branchMap":{"0":{"loc":{"start":{"line":10,"column":4},"end":{"line":15,"column":5}},"type":"switch","locations":[{"start":{"line":11,"column":6},"end":{"line":12,"column":35}},{"start":{"line":13,"column":6},"end":{"line":14,"column":52}}],"line":10},"1":{"loc":{"start":{"line":27,"column":4},"end":{"line":43,"column":5}},"type":"if","locations":[{"start":{"line":27,"column":4},"end":{"line":43,"column":5}},{"start":{"line":38,"column":9},"end":{"line":43,"column":5}}],"line":27},"2":{"loc":{"start":{"line":27,"column":8},"end":{"line":27,"column":46}},"type":"binary-expr","locations":[{"start":{"line":27,"column":8},"end":{"line":27,"column":25}},{"start":{"line":27,"column":29},"end":{"line":27,"column":46}}],"line":27},"3":{"loc":{"start":{"line":28,"column":6},"end":{"line":36,"column":7}},"type":"if","locations":[{"start":{"line":28,"column":6},"end":{"line":36,"column":7}},{"start":{"line":31,"column":11},"end":{"line":36,"column":7}}],"line":28},"4":{"loc":{"start":{"line":28,"column":10},"end":{"line":28,"column":50}},"type":"binary-expr","locations":[{"start":{"line":28,"column":10},"end":{"line":28,"column":28}},{"start":{"line":28,"column":32},"end":{"line":28,"column":50}}],"line":28},"5":{"loc":{"start":{"line":31,"column":11},"end":{"line":36,"column":7}},"type":"if","locations":[{"start":{"line":31,"column":11},"end":{"line":36,"column":7}},{"start":{"line":34,"column":11},"end":{"line":36,"column":7}}],"line":31},"6":{"loc":{"start":{"line":38,"column":9},"end":{"line":43,"column":5}},"type":"if","locations":[{"start":{"line":38,"column":9},"end":{"line":43,"column":5}},{"start":{"line":41,"column":9},"end":{"line":43,"column":5}}],"line":38}},"s":{"0":1,"1":26,"2":26,"3":25,"4":25,"5":25,"6":24,"7":1,"8":2,"9":1,"10":73,"11":356,"12":73,"13":281,"14":281,"15":281,"16":158,"17":48,"18":110,"19":49,"20":61,"21":123,"22":50,"23":73},"f":{"0":26,"1":73,"2":356,"3":281},"b":{"0":[24,1],"1":[158,123],"2":[281,208],"3":[48,110],"4":[158,60],"5":[49,61],"6":[50,73]},"inputSourceMap":null,"_coverageSchema":"1a1c01bbd47fc00a2c39e90264f33305004495a9","hash":"c349042acba82dadb7cef4d17764ec693270eca4"}
,"/mnt/c/Users/justj/hexlet/frontend-project-46/src/parsers.js": {"path":"/mnt/c/Users/justj/hexlet/frontend-project-46/src/parsers.js","statementMap":{"0":{"start":{"line":7,"column":16},"end":{"line":10,"column":1}},"1":{"start":{"line":8,"column":15},"end":{"line":8,"column":87}},"2":{"start":{"line":9,"column":2},"end":{"line":9,"column":13}},"3":{"start":{"line":12,"column":17},"end":{"line":15,"column":1}},"4":{"start":{"line":13,"column":15},"end":{"line":13,"column":86}},"5":{"start":{"line":14,"column":2},"end":{"line":14,"column":13}},"6":{"start":{"line":17,"column":18},"end":{"line":27,"column":1}},"7":{"start":{"line":18,"column":21},"end":{"line":18,"column":41}},"8":{"start":{"line":19,"column":17},"end":{"line":19,"column":41}},"9":{"start":{"line":20,"column":2},"end":{"line":26,"column":38}},"10":{"start":{"line":21,"column":4},"end":{"line":21,"column":30}},"11":{"start":{"line":23,"column":7},"end":{"line":26,"column":38}},"12":{"start":{"line":24,"column":4},"end":{"line":24,"column":31}},"13":{"start":{"line":26,"column":7},"end":{"line":26,"column":38}}},"fnMap":{"0":{"name":"(anonymous_0)","decl":{"start":{"line":7,"column":16},"end":{"line":7,"column":17}},"loc":{"start":{"line":7,"column":30},"end":{"line":10,"column":1}},"line":7},"1":{"name":"(anonymous_1)","decl":{"start":{"line":12,"column":17},"end":{"line":12,"column":18}},"loc":{"start":{"line":12,"column":31},"end":{"line":15,"column":1}},"line":12},"2":{"name":"(anonymous_2)","decl":{"start":{"line":17,"column":18},"end":{"line":17,"column":19}},"loc":{"start":{"line":17,"column":28},"end":{"line":27,"column":1}},"line":17}},"branchMap":{"0":{"loc":{"start":{"line":20,"column":2},"end":{"line":26,"column":38}},"type":"if","locations":[{"start":{"line":20,"column":2},"end":{"line":26,"column":38}},{"start":{"line":23,"column":7},"end":{"line":26,"column":38}}],"line":20},"1":{"loc":{"start":{"line":23,"column":7},"end":{"line":26,"column":38}},"type":"if","locations":[{"start":{"line":23,"column":7},"end":{"line":26,"column":38}},{"start":{"line":26,"column":7},"end":{"line":26,"column":38}}],"line":23},"2":{"loc":{"start":{"line":23,"column":11},"end":{"line":23,"column":50}},"type":"binary-expr","locations":[{"start":{"line":23,"column":11},"end":{"line":23,"column":28}},{"start":{"line":23,"column":32},"end":{"line":23,"column":50}}],"line":23}},"s":{"0":1,"1":18,"2":18,"3":1,"4":32,"5":32,"6":1,"7":51,"8":51,"9":51,"10":18,"11":33,"12":32,"13":1},"f":{"0":18,"1":32,"2":51},"b":{"0":[18,33],"1":[32,1],"2":[33,17]},"inputSourceMap":null,"_coverageSchema":"1a1c01bbd47fc00a2c39e90264f33305004495a9","hash":"2e59bbbb7a4c44afa73a9109eabef5a0d9a569a3"}
,"/mnt/c/Users/justj/hexlet/frontend-project-46/src/formatters/stylish.js": {"path":"/mnt/c/Users/justj/hexlet/frontend-project-46/src/formatters/stylish.js","statementMap":{"0":{"start":{"line":3,"column":16},"end":{"line":41,"column":1}},"1":{"start":{"line":4,"column":15},"end":{"line":39,"column":3}},"2":{"start":{"line":5,"column":4},"end":{"line":7,"column":5}},"3":{"start":{"line":6,"column":6},"end":{"line":6,"column":30}},"4":{"start":{"line":9,"column":23},"end":{"line":9,"column":36}},"5":{"start":{"line":10,"column":26},"end":{"line":10,"column":48}},"6":{"start":{"line":11,"column":26},"end":{"line":11,"column":52}},"7":{"start":{"line":12,"column":18},"end":{"line":12,"column":46}},"8":{"start":{"line":13,"column":21},"end":{"line":32,"column":6}},"9":{"start":{"line":14,"column":6},"end":{"line":31,"column":7}},"10":{"start":{"line":16,"column":10},"end":{"line":16,"column":77}},"11":{"start":{"line":18,"column":10},"end":{"line":18,"column":74}},"12":{"start":{"line":20,"column":10},"end":{"line":20,"column":74}},"13":{"start":{"line":23,"column":26},"end":{"line":23,"column":85}},"14":{"start":{"line":24,"column":26},"end":{"line":24,"column":83}},"15":{"start":{"line":25,"column":10},"end":{"line":25,"column":41}},"16":{"start":{"line":28,"column":10},"end":{"line":28,"column":74}},"17":{"start":{"line":30,"column":10},"end":{"line":30,"column":68}},"18":{"start":{"line":34,"column":4},"end":{"line":38,"column":16}},"19":{"start":{"line":40,"column":2},"end":{"line":40,"column":23}}},"fnMap":{"0":{"name":"(anonymous_0)","decl":{"start":{"line":3,"column":16},"end":{"line":3,"column":17}},"loc":{"start":{"line":3,"column":27},"end":{"line":41,"column":1}},"line":3},"1":{"name":"(anonymous_1)","decl":{"start":{"line":4,"column":15},"end":{"line":4,"column":16}},"loc":{"start":{"line":4,"column":40},"end":{"line":39,"column":3}},"line":4},"2":{"name":"(anonymous_2)","decl":{"start":{"line":13,"column":31},"end":{"line":13,"column":32}},"loc":{"start":{"line":13,"column":47},"end":{"line":32,"column":5}},"line":13}},"branchMap":{"0":{"loc":{"start":{"line":5,"column":4},"end":{"line":7,"column":5}},"type":"if","locations":[{"start":{"line":5,"column":4},"end":{"line":7,"column":5}},{"start":{},"end":{}}],"line":5},"1":{"loc":{"start":{"line":14,"column":6},"end":{"line":31,"column":7}},"type":"switch","locations":[{"start":{"line":15,"column":8},"end":{"line":16,"column":77}},{"start":{"line":17,"column":8},"end":{"line":18,"column":74}},{"start":{"line":19,"column":8},"end":{"line":20,"column":74}},{"start":{"line":21,"column":8},"end":{"line":26,"column":9}},{"start":{"line":27,"column":8},"end":{"line":28,"column":74}},{"start":{"line":29,"column":8},"end":{"line":30,"column":68}}],"line":14}},"s":{"0":1,"1":24,"2":468,"3":312,"4":156,"5":156,"6":156,"7":156,"8":156,"9":384,"10":48,"11":48,"12":72,"13":60,"14":60,"15":60,"16":48,"17":108,"18":156,"19":24},"f":{"0":24,"1":468,"2":384},"b":{"0":[312,156],"1":[48,48,72,60,48,108]},"inputSourceMap":null,"_coverageSchema":"1a1c01bbd47fc00a2c39e90264f33305004495a9","hash":"f96ac99494038558e531576d94aaf70deace8ddd"}
}
