TN:
SF:src/buildAdress.js
FN:8,(anonymous_0)
FN:9,(anonymous_1)
FNF:2
FNH:2
FNDA:3,(anonymous_0)
FNDA:1,(anonymous_1)
DA:5,1
DA:6,1
DA:8,3
DA:9,1
LF:4
LH:4
BRF:0
BRH:0
end_of_record
TN:
SF:src/genDiffCal.js
FN:6,(anonymous_0)
FN:10,(anonymous_1)
FN:16,(anonymous_2)
FN:17,(anonymous_3)
FNF:4
FNH:4
FNDA:2,(anonymous_0)
FNDA:1,(anonymous_1)
FNDA:7,(anonymous_2)
FNDA:18,(anonymous_3)
DA:6,1
DA:7,2
DA:8,2
DA:10,1
DA:11,1
DA:12,1
DA:13,1
DA:16,1
DA:17,18
DA:18,7
DA:19,7
DA:20,17
DA:21,10
DA:22,7
DA:25,3
DA:28,7
DA:29,4
DA:31,3
DA:32,3
DA:35,7
DA:36,7
LF:21
LH:21
BRDA:20,0,0,10
BRDA:20,0,1,7
BRDA:20,1,0,17
BRDA:20,1,1,14
BRDA:21,2,0,7
BRDA:21,2,1,3
BRDA:28,3,0,4
BRDA:28,3,1,3
BRDA:31,4,0,3
BRDA:31,4,1,0
BRF:10
BRH:9
end_of_record
