TN:
SF:src/buildAdress.js
FN:8,(anonymous_0)
FN:9,(anonymous_1)
FNF:2
FNH:2
FNDA:3,(anonymous_0)
FNDA:1,(anonymous_1)
DA:5,1
DA:6,1
DA:8,3
DA:9,1
LF:4
LH:4
BRF:0
BRH:0
end_of_record
TN:
SF:src/genDiffCal.js
FN:6,(anonymous_0)
FN:10,(anonymous_1)
FN:16,(anonymous_2)
FN:17,(anonymous_3)
FNF:4
FNH:4
FNDA:2,(anonymous_0)
FNDA:1,(anonymous_1)
FNDA:2,(anonymous_2)
FNDA:8,(anonymous_3)
DA:6,1
DA:7,2
DA:8,2
DA:10,1
DA:11,1
DA:12,1
DA:13,1
DA:16,1
DA:17,8
DA:18,2
DA:19,2
DA:20,5
DA:21,2
DA:22,1
DA:25,1
DA:28,3
DA:29,2
DA:31,1
DA:32,1
DA:35,2
DA:36,2
LF:21
LH:21
BRDA:20,0,0,2
BRDA:20,0,1,3
BRDA:20,1,0,5
BRDA:20,1,1,4
BRDA:21,2,0,1
BRDA:21,2,1,1
BRDA:28,3,0,2
BRDA:28,3,1,1
BRDA:31,4,0,1
BRDA:31,4,1,0
BRF:10
BRH:9
end_of_record
